This file contains any messages produced by compilers while
running configure, to aid debugging if configure makes a mistake.

It was created by configure, which was
generated by GNU Autoconf 2.52.20030208.  Invocation command line was

  $ ./configure 

## ---------- ##
## Platform.  ##
## ---------- ##

hostname = Oxygen.local
uname -m = i386
uname -r = 9.5.0
uname -s = Darwin
uname -v = Darwin Kernel Version 9.5.0: Wed Sep  3 11:29:43 PDT 2008; root:xnu-1228.7.58~1/RELEASE_I386

/usr/bin/uname -p = i386
/bin/uname -X     = unknown

/bin/arch              = unknown
/usr/bin/arch -k       = unknown
/usr/convex/getsysinfo = unknown
hostinfo               = Mach kernel version:
	 Darwin Kernel Version 9.5.0: Wed Sep  3 11:29:43 PDT 2008; root:xnu-1228.7.58~1/RELEASE_I386
Kernel configured for up to 8 processors.
8 processors are physically available.
8 processors are logically available.
Processor type: i486 (Intel 80486)
Processors active: 0 1 2 3 4 5 6 7
Primary memory available: 6.00 gigabytes
Default processor set: 98 tasks, 517 threads, 8 processors
Load average: 0.39, Mach factor: 7.60
/bin/machine           = unknown
/usr/bin/oslevel       = unknown
/bin/universe          = unknown

PATH = .:/Users/tim/bin:/usr/local/bin:/usr/local/flex_sdk_3/bin:/usr/local/android-sdk-mac_x86-0.9_beta:/usr/local/mysql/bin:/usr/local/pgsql/bin:/opt/local/bin:/usr/bin:/bin:/usr/sbin:/sbin:/usr/local/bin:/usr/texbin:/usr/X11/bin

## ------------ ##
## Core tests.  ##
## ------------ ##

configure:935: PATH=".;."; conftest.sh
./configure: line 936: conftest.sh: command not found
configure:938: $? = 127
configure:980: checking build system type
configure:998: result: i686-apple-darwin9.5.0
configure:1006: checking host system type
configure:1020: result: i686-apple-darwin9.5.0
configure:1045: result: Configuring for darwin9.5.0
configure:1105: checking for g++
configure:1120: found /usr/bin/g++
configure:1128: result: g++
configure:1143: checking for C++ compiler version
configure:1146: g++ --version </dev/null >&5
i686-apple-darwin9-g++-4.0.1 (GCC) 4.0.1 (Apple Inc. build 5490)
Copyright (C) 2005 Free Software Foundation, Inc.
This is free software; see the source for copying conditions.  There is NO
warranty; not even for MERCHANTABILITY or FITNESS FOR A PARTICULAR PURPOSE.

configure:1149: $? = 0
configure:1151: g++ -v </dev/null >&5
Using built-in specs.
Target: i686-apple-darwin9
Configured with: /var/tmp/gcc/gcc-5490~1/src/configure --disable-checking -enable-werror --prefix=/usr --mandir=/share/man --enable-languages=c,objc,c++,obj-c++ --program-transform-name=/^[cg][^.-]*$/s/$/-4.0/ --with-gxx-include-dir=/include/c++/4.0.0 --with-slibdir=/usr/lib --build=i686-apple-darwin9 --with-arch=apple --with-tune=generic --host=i686-apple-darwin9 --target=i686-apple-darwin9
Thread model: posix
gcc version 4.0.1 (Apple Inc. build 5490)
configure:1154: $? = 0
configure:1156: g++ -V </dev/null >&5
g++-4.0: argument to `-V' is missing
configure:1159: $? = 1
configure:1179: checking for C++ compiler default output
configure:1182: g++    conftest.cc  >&5
configure:1185: $? = 0
configure:1214: result: a.out
configure:1219: checking whether the C++ compiler works
configure:1225: ./a.out
configure:1228: $? = 0
configure:1243: result: yes
configure:1250: checking whether we are cross compiling
configure:1252: result: no
configure:1255: checking for executable suffix
configure:1257: g++ -o conftest    conftest.cc  >&5
configure:1260: $? = 0
configure:1282: result: 
configure:1288: checking for object suffix
configure:1306: g++ -c   conftest.cc >&5
configure:1309: $? = 0
configure:1328: result: o
configure:1332: checking whether we are using the GNU C++ compiler
configure:1353: g++ -c   conftest.cc >&5
configure:1356: $? = 0
configure:1359: test -s conftest.o
configure:1362: $? = 0
configure:1374: result: yes
configure:1380: checking whether g++ accepts -g
configure:1398: g++ -c -g  conftest.cc >&5
configure:1401: $? = 0
configure:1404: test -s conftest.o
configure:1407: $? = 0
configure:1417: result: yes
configure:1457: g++ -c -g -O2  conftest.cc >&5
configure:1460: $? = 0
configure:1463: test -s conftest.o
configure:1466: $? = 0
configure:1488: g++ -c -g -O2  conftest.cc >&5
configure: In function 'int main()':
configure:1481: error: 'exit' was not declared in this scope
configure:1491: $? = 1
configure: failed program was:
#line 1476 "configure"
#include "confdefs.h"

int
main ()
{
exit (42);
  ;
  return 0;
}
configure:1457: g++ -c -g -O2  conftest.cc >&5
configure:1460: $? = 0
configure:1463: test -s conftest.o
configure:1466: $? = 0
configure:1488: g++ -c -g -O2  conftest.cc >&5
configure:1491: $? = 0
configure:1494: test -s conftest.o
configure:1497: $? = 0
configure:1524: checking how to run the C++ preprocessor
configure:1546: g++ -E  conftest.cc
configure:1552: $? = 0
configure:1579: g++ -E  conftest.cc
configure:1576:28: error: ac_nonexistent.h: No such file or directory
configure:1585: $? = 1
configure: failed program was:
#line 1575 "configure"
#include "confdefs.h"
#include <ac_nonexistent.h>
configure:1622: result: g++ -E
configure:1637: g++ -E  conftest.cc
configure:1643: $? = 0
configure:1670: g++ -E  conftest.cc
configure:1667:28: error: ac_nonexistent.h: No such file or directory
configure:1676: $? = 1
configure: failed program was:
#line 1666 "configure"
#include "confdefs.h"
#include <ac_nonexistent.h>
configure:1727: checking for a BSD compatible install
configure:1776: result: /usr/bin/install -c
configure:1793: checking if you want to see long compiling messages
configure:1827: result: yes
configure:1873: checking for gcc
configure:1888: found /usr/bin/gcc
configure:1896: result: gcc
configure:2124: checking for C compiler version
configure:2127: gcc --version </dev/null >&5
i686-apple-darwin9-gcc-4.0.1 (GCC) 4.0.1 (Apple Inc. build 5490)
Copyright (C) 2005 Free Software Foundation, Inc.
This is free software; see the source for copying conditions.  There is NO
warranty; not even for MERCHANTABILITY or FITNESS FOR A PARTICULAR PURPOSE.

configure:2130: $? = 0
configure:2132: gcc -v </dev/null >&5
Using built-in specs.
Target: i686-apple-darwin9
Configured with: /var/tmp/gcc/gcc-5490~1/src/configure --disable-checking -enable-werror --prefix=/usr --mandir=/share/man --enable-languages=c,objc,c++,obj-c++ --program-transform-name=/^[cg][^.-]*$/s/$/-4.0/ --with-gxx-include-dir=/include/c++/4.0.0 --with-slibdir=/usr/lib --build=i686-apple-darwin9 --with-arch=apple --with-tune=generic --host=i686-apple-darwin9 --target=i686-apple-darwin9
Thread model: posix
gcc version 4.0.1 (Apple Inc. build 5490)
configure:2135: $? = 0
configure:2137: gcc -V </dev/null >&5
gcc-4.0: argument to `-V' is missing
configure:2140: $? = 1
configure:2143: checking whether we are using the GNU C compiler
configure:2164: gcc -c   conftest.c >&5
configure:2167: $? = 0
configure:2170: test -s conftest.o
configure:2173: $? = 0
configure:2185: result: yes
configure:2191: checking whether gcc accepts -g
configure:2209: gcc -c -g  conftest.c >&5
configure:2212: $? = 0
configure:2215: test -s conftest.o
configure:2218: $? = 0
configure:2228: result: yes
configure:2255: gcc -c -g -O2  conftest.c >&5
conftest.c:2: error: syntax error before 'me'
configure:2258: $? = 1
configure: failed program was:
#ifndef __cplusplus
  choke me
#endif
configure:2361: checking how to run the C preprocessor
configure:2387: gcc -E  conftest.c
configure:2393: $? = 0
configure:2420: gcc -E  conftest.c
configure:2417:28: error: ac_nonexistent.h: No such file or directory
configure:2426: $? = 1
configure: failed program was:
#line 2416 "configure"
#include "confdefs.h"
#include <ac_nonexistent.h>
configure:2463: result: gcc -E
configure:2478: gcc -E  conftest.c
configure:2484: $? = 0
configure:2511: gcc -E  conftest.c
configure:2508:28: error: ac_nonexistent.h: No such file or directory
configure:2517: $? = 1
configure: failed program was:
#line 2507 "configure"
#include "confdefs.h"
#include <ac_nonexistent.h>
configure:2558: checking version of g++
configure:2562: result: 686
configure:2675: checking for g++ warning options...
configure:2704: g++ -c -g -O2 -W -Wall -Werror -Wabi  conftest.cc >&5
configure:2707: $? = 0
configure:2704: g++ -c -g -O2 -W -Wall -Wabi -Werror -fabi-version=0  conftest.cc >&5
configure:2707: $? = 0
configure:2704: g++ -c -g -O2 -W -Wall -Wabi -fabi-version=0 -Werror -Woverloaded-virtual  conftest.cc >&5
configure:2707: $? = 0
configure:2704: g++ -c -g -O2 -W -Wall -Wabi -fabi-version=0 -Woverloaded-virtual -Werror -Wsign-promo  conftest.cc >&5
configure:2707: $? = 0
configure:2704: g++ -c -g -O2 -W -Wall -Wabi -fabi-version=0 -Woverloaded-virtual -Wsign-promo -Werror -Wsynth  conftest.cc >&5
configure:2707: $? = 0
configure:2704: g++ -c -g -O2 -W -Wall -Wabi -fabi-version=0 -Woverloaded-virtual -Wsign-promo -Wsynth -Werror -Wold-style-cast  conftest.cc >&5
configure:2707: $? = 0
configure:2704: g++ -c -g -O2 -W -Wall -Wabi -fabi-version=0 -Woverloaded-virtual -Wsign-promo -Wsynth -Wold-style-cast -Werror -Wcast-align  conftest.cc >&5
configure:2707: $? = 0
configure:2704: g++ -c -g -O2 -W -Wall -Wabi -fabi-version=0 -Woverloaded-virtual -Wsign-promo -Wsynth -Wold-style-cast -Wcast-align -Werror -Wcast-qual  conftest.cc >&5
configure:2707: $? = 0
configure:2704: g++ -c -g -O2 -W -Wall -Wabi -fabi-version=0 -Woverloaded-virtual -Wsign-promo -Wsynth -Wold-style-cast -Wcast-align -Wcast-qual -Werror -Wmissing-prototypes  conftest.cc >&5
cc1plus: warnings being treated as errors
cc1plus: warning: command line option "-Wmissing-prototypes" is valid for C/ObjC but not for C++
configure:2707: $? = 1
configure:2704: g++ -c -g -O2 -W -Wall -Wabi -fabi-version=0 -Woverloaded-virtual -Wsign-promo -Wsynth -Wold-style-cast -Wcast-align -Wcast-qual -Werror -Wpointer-arith  conftest.cc >&5
configure:2707: $? = 0
configure:2704: g++ -c -g -O2 -W -Wall -Wabi -fabi-version=0 -Woverloaded-virtual -Wsign-promo -Wsynth -Wold-style-cast -Wcast-align -Wcast-qual -Wpointer-arith -Werror -Wshadow  conftest.cc >&5
configure:2707: $? = 0
configure:2704: g++ -c -g -O2 -W -Wall -Wabi -fabi-version=0 -Woverloaded-virtual -Wsign-promo -Wsynth -Wold-style-cast -Wcast-align -Wcast-qual -Wpointer-arith -Wshadow -Werror -Wstrict-prototypes  conftest.cc >&5
cc1plus: warnings being treated as errors
cc1plus: warning: command line option "-Wstrict-prototypes" is valid for C/ObjC but not for C++
configure:2707: $? = 1
configure:2704: g++ -c -g -O2 -W -Wall -Wabi -fabi-version=0 -Woverloaded-virtual -Wsign-promo -Wsynth -Wold-style-cast -Wcast-align -Wcast-qual -Wpointer-arith -Wshadow -Werror -Wundef  conftest.cc >&5
configure:2707: $? = 0
configure:2704: g++ -c -g -O2 -W -Wall -Wabi -fabi-version=0 -Woverloaded-virtual -Wsign-promo -Wsynth -Wold-style-cast -Wcast-align -Wcast-qual -Wpointer-arith -Wshadow -Wundef -Werror -Weffc++  conftest.cc >&5
configure:2707: $? = 0
configure:2727: checking for ANSI C header files
configure:2741: g++ -E  conftest.cc
configure:2747: $? = 0
configure:2834: g++ -o conftest -g -O2   conftest.cc  >&5
configure:2837: $? = 0
configure:2839: ./conftest
configure:2842: $? = 0
configure:2855: result: yes
configure:2870: checking for unistd.h
configure:2880: g++ -E  conftest.cc
configure:2886: $? = 0
configure:2905: result: yes
configure:2996: creating ./config.status

## ----------------------- ##
## Running config.status.  ##
## ----------------------- ##

This file was extended by config.status 2.52.20030208, executed with
  CONFIG_FILES    = 
  CONFIG_HEADERS  = 
  CONFIG_LINKS    = 
  CONFIG_COMMANDS = 
  > ./config.status 
on Oxygen.local

config.status:3455: creating makefile
config.status:3455: creating code/makefile
config.status:3552: creating code/autoconf.h

## ----------------- ##
## Cache variables.  ##
## ----------------- ##

ac_cv_build=i686-apple-darwin9.5.0
ac_cv_build_alias=i686-apple-darwin9.5.0
ac_cv_c_compiler_gnu=yes
ac_cv_cxx_compiler_gnu=yes
ac_cv_env_CC_set=
ac_cv_env_CC_value=
ac_cv_env_CFLAGS_set=
ac_cv_env_CFLAGS_value=
ac_cv_env_CPPFLAGS_set=
ac_cv_env_CPPFLAGS_value=
ac_cv_env_CPP_set=
ac_cv_env_CPP_value=
ac_cv_env_CXXCPP_set=
ac_cv_env_CXXCPP_value=
ac_cv_env_CXXFLAGS_set=
ac_cv_env_CXXFLAGS_value=
ac_cv_env_CXX_set=
ac_cv_env_CXX_value=
ac_cv_env_LDFLAGS_set=
ac_cv_env_LDFLAGS_value=
ac_cv_env_build_alias_set=
ac_cv_env_build_alias_value=
ac_cv_env_host_alias_set=
ac_cv_env_host_alias_value=
ac_cv_env_target_alias_set=
ac_cv_env_target_alias_value=
ac_cv_header_stdc=yes
ac_cv_header_unistd_h=yes
ac_cv_host=i686-apple-darwin9.5.0
ac_cv_host_alias=i686-apple-darwin9.5.0
ac_cv_objext=o
ac_cv_path_install='/usr/bin/install -c'
ac_cv_prog_CPP='gcc -E'
ac_cv_prog_CXXCPP='g++ -E'
ac_cv_prog_ac_ct_CC=gcc
ac_cv_prog_ac_ct_CXX=g++
ac_cv_prog_cc_g=yes
ac_cv_prog_cxx_g=yes
cf_cv_system_name=darwin9.5.0

## ------------ ##
## confdefs.h.  ##
## ------------ ##

#define SYSTEM_NAME "darwin9.5.0"
#ifdef __cplusplus
#include <stdlib.h>
#endif
#define STDC_HEADERS 1
#define HAVE_UNISTD_H 1


configure: exit 0
